2016/08/04 10:16:56 INFO  - jmeter.util.JMeterUtils: Setting Locale to pl_PL 
2016/08/04 10:16:56 INFO  - jmeter.util.JMeterUtils: Could not find resources for 'pl_PL', using 'pl' 
2016/08/04 10:16:56 INFO  - jmeter.JMeter: Loading user properties from: /Users/admin/k8s/files/apache-jmeter-3.0/bin/user.properties 
2016/08/04 10:16:56 INFO  - jmeter.JMeter: Loading system properties from: /Users/admin/k8s/files/apache-jmeter-3.0/bin/system.properties 
2016/08/04 10:16:56 INFO  - jmeter.JMeter: Copyright (c) 1998-2015 The Apache Software Foundation 
2016/08/04 10:16:56 INFO  - jmeter.JMeter: Version 2.13 r1665067 
2016/08/04 10:16:56 INFO  - jmeter.JMeter: java.version=1.8.0_101 
2016/08/04 10:16:56 INFO  - jmeter.JMeter: java.vm.name=Java HotSpot(TM) 64-Bit Server VM 
2016/08/04 10:16:56 INFO  - jmeter.JMeter: os.name=Mac OS X 
2016/08/04 10:16:56 INFO  - jmeter.JMeter: os.arch=x86_64 
2016/08/04 10:16:56 INFO  - jmeter.JMeter: os.version=10.11.6 
2016/08/04 10:16:56 INFO  - jmeter.JMeter: file.encoding=UTF-8 
2016/08/04 10:16:56 INFO  - jmeter.JMeter: Default Locale=polski (Polska) 
2016/08/04 10:16:56 INFO  - jmeter.JMeter: JMeter  Locale=polski (Polska) 
2016/08/04 10:16:56 INFO  - jmeter.JMeter: JMeterHome=/Users/admin/k8s/files/apache-jmeter-3.0 
2016/08/04 10:16:56 INFO  - jmeter.JMeter: user.dir  =/Users/admin/k8s/files/apache-jmeter-3.0/bin 
2016/08/04 10:16:56 INFO  - jmeter.JMeter: PWD       =/Users/admin/k8s/files/apache-jmeter-3.0/bin 
2016/08/04 10:16:56 INFO  - jmeter.JMeter: IP: 10.122.23.125 Name: MacBook-Pro-otadmin-3.local FullName: 10.122.23.125 
2016/08/04 10:16:57 INFO  - jmeter.gui.action.LookAndFeelCommand: Using look and feel: com.apple.laf.AquaLookAndFeel [Mac OS X, System] 
2016/08/04 10:16:57 INFO  - jmeter.JMeter: Loaded icon properties from org/apache/jmeter/images/icon.properties 
2016/08/04 10:16:59 INFO  - jmeter.engine.util.CompoundVariable: Note: Function class names must contain the string: '.functions.' 
2016/08/04 10:16:59 INFO  - jmeter.engine.util.CompoundVariable: Note: Function class names must not contain the string: '.gui.' 
2016/08/04 10:17:00 INFO  - jmeter.util.BSFTestElement: Registering JMeter version of JavaScript engine as work-round for BSF-22 
2016/08/04 10:17:00 INFO  - jmeter.protocol.http.sampler.HTTPSamplerBase: Parser for text/html is org.apache.jmeter.protocol.http.parser.LagartoBasedHtmlParser 
2016/08/04 10:17:00 INFO  - jmeter.protocol.http.sampler.HTTPSamplerBase: Parser for application/xhtml+xml is org.apache.jmeter.protocol.http.parser.LagartoBasedHtmlParser 
2016/08/04 10:17:00 INFO  - jmeter.protocol.http.sampler.HTTPSamplerBase: Parser for application/xml is org.apache.jmeter.protocol.http.parser.LagartoBasedHtmlParser 
2016/08/04 10:17:00 INFO  - jmeter.protocol.http.sampler.HTTPSamplerBase: Parser for text/xml is org.apache.jmeter.protocol.http.parser.LagartoBasedHtmlParser 
2016/08/04 10:17:00 INFO  - jmeter.protocol.http.sampler.HTTPSamplerBase: Parser for text/vnd.wap.wml is org.apache.jmeter.protocol.http.parser.RegexpHTMLParser 
2016/08/04 10:17:00 INFO  - jmeter.protocol.http.sampler.HTTPSamplerBase: Parser for text/css is org.apache.jmeter.protocol.http.parser.CssParser 
2016/08/04 10:17:00 INFO  - jorphan.exec.KeyToolUtils: keytool found at 'keytool' 
2016/08/04 10:17:00 INFO  - jmeter.protocol.http.proxy.ProxyControl: HTTP(S) Test Script Recorder SSL Proxy will use keys that support embedded 3rd party resources in file /Users/admin/k8s/files/apache-jmeter-3.0/bin/proxyserver.jks 
2016/08/04 10:17:00 INFO  - jmeter.gui.util.MenuFactory: Skipping org.apache.jmeter.protocol.mongodb.config.MongoSourceElement 
2016/08/04 10:17:00 INFO  - jmeter.gui.util.MenuFactory: Skipping org.apache.jmeter.protocol.mongodb.sampler.MongoScriptSampler 
2016/08/04 10:17:00 INFO  - jmeter.gui.util.MenuFactory: Skipping org.apache.jmeter.visualizers.DistributionGraphVisualizer 
2016/08/04 10:17:00 INFO  - jmeter.samplers.SampleResult: Note: Sample TimeStamps are START times 
2016/08/04 10:17:00 INFO  - jmeter.samplers.SampleResult: sampleresult.default.encoding is set to ISO-8859-1 
2016/08/04 10:17:00 INFO  - jmeter.samplers.SampleResult: sampleresult.useNanoTime=true 
2016/08/04 10:17:00 INFO  - jmeter.samplers.SampleResult: sampleresult.nanoThreadSleep=5000 
2016/08/04 10:17:00 INFO  - jmeter.gui.util.MenuFactory: Skipping org.apache.jmeter.visualizers.SplineVisualizer 
2016/08/04 10:17:10 INFO  - jmeter.services.FileServer: Default base='/Users/admin/k8s/files/apache-jmeter-3.0/bin' 
2016/08/04 10:17:10 INFO  - jmeter.gui.action.Load: Loading file: /Users/admin/k8s/files/jmeter_test1/APAY.jmx 
2016/08/04 10:17:10 INFO  - jmeter.services.FileServer: Set new base='/Users/admin/k8s/files/jmeter_test1' 
2016/08/04 10:17:10 INFO  - jmeter.save.SaveService: Testplan (JMX) version: 2.2. Testlog (JTL) version: 2.2 
2016/08/04 10:17:10 INFO  - jmeter.save.SaveService: Using SaveService properties file encoding UTF-8 
2016/08/04 10:17:10 INFO  - jmeter.save.SaveService: Using SaveService properties version 2.9 
2016/08/04 10:17:10 WARN  - jmeter.save.SaveService: Bad _version - expected 2.8, found 2.9. 
2016/08/04 10:17:10 INFO  - jmeter.save.SaveService: All converter versions present and correct 
2016/08/04 10:17:10 INFO  - jmeter.save.SaveService: Loading file: /Users/admin/k8s/files/jmeter_test1/APAY.jmx 
2016/08/04 10:17:12 INFO  - jmeter.services.FileServer: Set new base='/Users/admin/k8s/files/jmeter_test1' 
2016/08/04 10:17:45 INFO  - jmeter.engine.StandardJMeterEngine: Listeners will be started after enabling running version 
2016/08/04 10:17:45 INFO  - jmeter.engine.StandardJMeterEngine: To revert to the earlier behaviour, define jmeterengine.startlistenerslater=false 
2016/08/04 10:17:45 INFO  - jmeter.engine.StandardJMeterEngine: Running the test! 
2016/08/04 10:17:45 INFO  - jmeter.samplers.SampleEvent: List of sample_variables: [] 
2016/08/04 10:17:45 INFO  - jmeter.samplers.SampleEvent: List of sample_variables: [] 
2016/08/04 10:17:45 INFO  - jmeter.gui.util.JMeterMenuBar: setRunning(true,*local*) 
2016/08/04 10:17:45 INFO  - jmeter.engine.StandardJMeterEngine: Starting ThreadGroup: 1 : TAMPLATES_Customer 
2016/08/04 10:17:45 INFO  - jmeter.engine.StandardJMeterEngine: Starting 1 threads for group TAMPLATES_Customer. 
2016/08/04 10:17:45 INFO  - jmeter.engine.StandardJMeterEngine: Thread will continue on error 
2016/08/04 10:17:45 INFO  - jmeter.threads.ThreadGroup: Starting thread group number 1 threads 1 ramp-up 1 perThread 1000.0 delayedStart=false 
2016/08/04 10:17:45 INFO  - jmeter.threads.JMeterThread: jmeterthread.startearlier=true (see jmeter.properties) 
2016/08/04 10:17:45 INFO  - jmeter.threads.JMeterThread: Running PostProcessors in forward order 
2016/08/04 10:17:45 INFO  - jmeter.threads.ThreadGroup: Started thread group number 1 
2016/08/04 10:17:45 INFO  - jmeter.engine.StandardJMeterEngine: Waiting for thread group: TAMPLATES_Customer to finish before starting next group 
2016/08/04 10:17:45 INFO  - jmeter.threads.JMeterThread: Thread started: TAMPLATES_Customer 1-1 
2016/08/04 10:17:45 INFO  - jmeter.threads.JMeterThread: Thread is done: TAMPLATES_Customer 1-1 
2016/08/04 10:17:45 INFO  - jmeter.threads.JMeterThread: Thread finished: TAMPLATES_Customer 1-1 
2016/08/04 10:17:45 INFO  - jmeter.engine.StandardJMeterEngine: Starting ThreadGroup: 2 : TAMPLATES_Issuer 
2016/08/04 10:17:45 INFO  - jmeter.engine.StandardJMeterEngine: Starting 1 threads for group TAMPLATES_Issuer. 
2016/08/04 10:17:45 INFO  - jmeter.engine.StandardJMeterEngine: Thread will continue on error 
2016/08/04 10:17:45 INFO  - jmeter.threads.ThreadGroup: Starting thread group number 2 threads 1 ramp-up 1 perThread 1000.0 delayedStart=false 
2016/08/04 10:17:45 INFO  - jmeter.threads.ThreadGroup: Started thread group number 2 
2016/08/04 10:17:45 INFO  - jmeter.engine.StandardJMeterEngine: Waiting for thread group: TAMPLATES_Issuer to finish before starting next group 
2016/08/04 10:17:45 INFO  - jmeter.threads.JMeterThread: Thread started: TAMPLATES_Issuer 2-1 
2016/08/04 10:17:45 INFO  - jmeter.threads.JMeterThread: Thread is done: TAMPLATES_Issuer 2-1 
2016/08/04 10:17:45 INFO  - jmeter.threads.JMeterThread: Thread finished: TAMPLATES_Issuer 2-1 
2016/08/04 10:17:45 INFO  - jmeter.engine.StandardJMeterEngine: Starting ThreadGroup: 3 : Encrypt/Decrypt service 
2016/08/04 10:17:45 INFO  - jmeter.engine.StandardJMeterEngine: Starting 1 threads for group Encrypt/Decrypt service. 
2016/08/04 10:17:45 INFO  - jmeter.engine.StandardJMeterEngine: Thread will continue on error 
2016/08/04 10:17:45 INFO  - jmeter.threads.ThreadGroup: Starting thread group number 3 threads 1 ramp-up 1 perThread 1000.0 delayedStart=false 
2016/08/04 10:17:45 INFO  - jmeter.threads.ThreadGroup: Started thread group number 3 
2016/08/04 10:17:45 INFO  - jmeter.engine.StandardJMeterEngine: Waiting for thread group: Encrypt/Decrypt service to finish before starting next group 
2016/08/04 10:17:45 INFO  - jmeter.threads.JMeterThread: Thread started: Encrypt/Decrypt service 3-1 
2016/08/04 10:17:45 INFO  - jmeter.threads.JMeterThread: Thread is done: Encrypt/Decrypt service 3-1 
2016/08/04 10:17:45 INFO  - jmeter.threads.JMeterThread: Thread finished: Encrypt/Decrypt service 3-1 
2016/08/04 10:17:45 INFO  - jmeter.engine.StandardJMeterEngine: Starting ThreadGroup: 4 : Issuer suspends _Google resumes(2025)/delete(0000) 
2016/08/04 10:17:45 INFO  - jmeter.engine.StandardJMeterEngine: Starting 1 threads for group Issuer suspends _Google resumes(2025)/delete(0000). 
2016/08/04 10:17:45 INFO  - jmeter.engine.StandardJMeterEngine: Thread will continue on error 
2016/08/04 10:17:45 INFO  - jmeter.threads.ThreadGroup: Starting thread group number 4 threads 1 ramp-up 1 perThread 1000.0 delayedStart=false 
2016/08/04 10:17:45 INFO  - jmeter.threads.ThreadGroup: Started thread group number 4 
2016/08/04 10:17:45 INFO  - jmeter.engine.StandardJMeterEngine: All thread groups have been started 
2016/08/04 10:17:45 INFO  - jmeter.threads.JMeterThread: Thread started: Issuer suspends _Google resumes(2025)/delete(0000) 4-1 
2016/08/04 10:17:45 INFO  - jmeter.services.FileServer: Stored: suspendResume2.csv 
2016/08/04 10:17:45 INFO  - jmeter.protocol.http.sampler.HTTPJavaImpl: Maximum connection retries = 10 
2016/08/04 10:17:45 ERROR - jmeter.protocol.http.sampler.HTTPJavaImpl: readResponse: java.io.IOException: Server returned HTTP response code: 500 for URL: http://172.16.236.36:8080/ap/0/1/checkEligibility 
2016/08/04 10:17:45 ERROR - jmeter.protocol.http.sampler.HTTPJavaImpl: Cause: java.io.IOException: Server returned HTTP response code: 500 for URL: http://172.16.236.36:8080/ap/0/1/checkEligibility 
2016/08/04 10:17:45 INFO  - jmeter.protocol.http.sampler.HTTPJavaImpl: Error Response Code: 500, Server sent no Errorpage 
2016/08/04 10:18:51 ERROR - jmeter.protocol.http.sampler.HTTPJavaImpl: readResponse: java.io.IOException: Server returned HTTP response code: 400 for URL: http://172.16.236.36:9092/otdps/2.1.0-SNAPSHOT/lc/suspendOrResumeDeviceToken 
2016/08/04 10:18:51 ERROR - jmeter.protocol.http.sampler.HTTPJavaImpl: Cause: java.io.IOException: Server returned HTTP response code: 400 for URL: http://172.16.236.36:9092/otdps/2.1.0-SNAPSHOT/lc/suspendOrResumeDeviceToken 
2016/08/04 10:18:51 INFO  - jmeter.protocol.http.sampler.HTTPJavaImpl: Error Response Code: 400 
2016/08/04 10:18:52 INFO  - jmeter.threads.JMeterThread: Thread is done: Issuer suspends _Google resumes(2025)/delete(0000) 4-1 
2016/08/04 10:18:52 INFO  - jmeter.threads.JMeterThread: Thread finished: Issuer suspends _Google resumes(2025)/delete(0000) 4-1 
2016/08/04 10:18:52 INFO  - jmeter.engine.StandardJMeterEngine: Notifying test listeners of end of test 
2016/08/04 10:18:52 INFO  - jmeter.services.FileServer: Close: suspendResume2.csv 
2016/08/04 10:18:52 INFO  - jmeter.gui.util.JMeterMenuBar: setRunning(false,*local*) 
